[2026-06-28 08:14:18.640] [INF] [BiddingBuddyBFF] [cid:] [MatchScan] Scheduled tender-match scan started — every "00:15:00".
[2026-06-28 08:14:27.064] [INF] [BiddingBuddyBFF] [cid:a48c872b-7b3a-4aa5-82a6-901ed0eeaa98] HTTP GET /swagger/index.html responded 200 in 114.7621 ms
[2026-06-28 08:14:27.988] [INF] [BiddingBuddyBFF] [cid:ef82490c-5932-4e1c-9d89-e6bf4b1468ad] HTTP GET /swagger/v1/swagger.json responded 200 in 545.1490 ms
[2026-06-28 08:14:36.894] [INF] [BiddingBuddyBFF] [cid:] [Match] Scan complete — 89 scanned, 0 new match(es), 0 org-digest(s) sent.
[2026-06-28 08:14:36.898] [INF] [BiddingBuddyBFF] [cid:] [MatchScan] 89 scanned, 0 matched, 0 org-digests sent.
[2026-06-28 08:17:09.884] [WRN] [BiddingBuddyBFF] [cid:d331dd8a-89d1-4582-94fc-ea661a65594d] Failed to determine the https port for redirect.
[2026-06-28 08:17:11.433] [INF] [BiddingBuddyBFF] [cid:d331dd8a-89d1-4582-94fc-ea661a65594d] HTTP POST /api/auth/login responded 401 in 1593.8905 ms
[2026-06-28 08:17:45.763] [INF] [BiddingBuddyBFF] [cid:34baa078-b1c6-46d2-a3c2-e92aae0942cc] HTTP POST /api/auth/login responded 200 in 784.3899 ms
[2026-06-28 08:18:44.787] [INF] [BiddingBuddyBFF] [cid:609da419-809f-42df-be29-be95303adf48] HTTP GET /api/auth/me responded 200 in 647.3198 ms
[2026-06-28 08:19:25.319] [INF] [BiddingBuddyBFF] [cid:82dbcd08-87ec-40c0-8206-a9f950a3e4af] HTTP GET /api/documents/95266fda-fae3-45f0-9105-e1f6a79cc20f/view-url responded 200 in 1548.5174 ms
[2026-06-28 08:29:35.130] [INF] [BiddingBuddyBFF] [cid:] [Match] Scan complete — 98 scanned, 0 new match(es), 0 org-digest(s) sent.
[2026-06-28 08:29:35.151] [INF] [BiddingBuddyBFF] [cid:] [MatchScan] 98 scanned, 0 matched, 0 org-digests sent.
[2026-06-28 08:44:40.462] [INF] [BiddingBuddyBFF] [cid:e331acfa-5558-45e1-af3b-33d1560585c5] Notification "14184370-33fd-456e-b2ab-1afc2864c749" (Information/TENDER_MATCH) created with 2 deliveries; correlationId="e331acfa-5558-45e1-af3b-33d1560585c5"
[2026-06-28 08:44:40.594] [INF] [BiddingBuddyBFF] [cid:] Opening RabbitMQ connection to 13.233.138.227:5672 vhost=/
[2026-06-28 08:45:02.046] [ERR] [BiddingBuddyBFF] [cid:] RabbitMQ broker unreachable; could not publish to notification.email
RabbitMQ.Client.Exceptions.BrokerUnreachableException: None of the specified endpoints were reachable
 ---> System.AggregateException: One or more errors occurred. (Connection failed)
 ---> RabbitMQ.Client.Exceptions.ConnectFailureException: Connection failed
 ---> System.Net.Sockets.SocketException (10060): A connection attempt failed because the connected party did not properly respond after a period of time, or established connection failed because connected host has failed to respond.
   at System.Net.Sockets.Socket.AwaitableSocketAsyncEventArgs.ThrowException(SocketError error, CancellationToken cancellationToken)
   at System.Net.Sockets.Socket.AwaitableSocketAsyncEventArgs.System.Threading.Tasks.Sources.IValueTaskSource.GetResult(Int16 token)
   at System.Threading.Tasks.ValueTask.ValueTaskSourceAsTask.<>c.<.cctor>b__4_0(Object state)
--- End of stack trace from previous location ---
   at RabbitMQ.Client.TcpClientAdapter.ConnectAsync(String host, Int32 port)
   at RabbitMQ.Client.Impl.TaskExtensions.TimeoutAfter(Task task, TimeSpan timeout)
   at RabbitMQ.Client.Impl.SocketFrameHandler.ConnectOrFail(ITcpClient socket, AmqpTcpEndpoint endpoint, TimeSpan timeout)
   --- End of inner exception stack trace ---
   at RabbitMQ.Client.Impl.SocketFrameHandler.ConnectOrFail(ITcpClient socket, AmqpTcpEndpoint endpoint, TimeSpan timeout)
   at RabbitMQ.Client.Impl.SocketFrameHandler.ConnectUsingAddressFamily(AmqpTcpEndpoint endpoint, Func`2 socketFactory, TimeSpan timeout, AddressFamily family)
   at RabbitMQ.Client.Impl.SocketFrameHandler.ConnectUsingIPv4(AmqpTcpEndpoint endpoint, Func`2 socketFactory, TimeSpan timeout)
   at RabbitMQ.Client.Impl.SocketFrameHandler..ctor(AmqpTcpEndpoint endpoint, Func`2 socketFactory, TimeSpan connectionTimeout, TimeSpan readTimeout, TimeSpan writeTimeout)
   at RabbitMQ.Client.Framing.Impl.IProtocolExtensions.CreateFrameHandler(IProtocol protocol, AmqpTcpEndpoint endpoint, ArrayPool`1 pool, Func`2 socketFactory, TimeSpan connectionTimeout, TimeSpan readTimeout, TimeSpan writeTimeout)
   at RabbitMQ.Client.ConnectionFactory.CreateFrameHandler(AmqpTcpEndpoint endpoint)
   at RabbitMQ.Client.EndpointResolverExtensions.SelectOne[T](IEndpointResolver resolver, Func`2 selector)
   --- End of inner exception stack trace ---
   at RabbitMQ.Client.EndpointResolverExtensions.SelectOne[T](IEndpointResolver resolver, Func`2 selector)
   at RabbitMQ.Client.Framing.Impl.AutorecoveringConnection.Init(IEndpointResolver endpoints)
   at RabbitMQ.Client.ConnectionFactory.CreateConnection(IEndpointResolver endpointResolver, String clientProvidedName)
   --- End of inner exception stack trace ---
   at RabbitMQ.Client.ConnectionFactory.CreateConnection(IEndpointResolver endpointResolver, String clientProvidedName)
   at RabbitMQ.Client.ConnectionFactory.CreateConnection(String clientProvidedName)
   at RabbitMQ.Client.ConnectionFactory.CreateConnection()
   at BiddingBuddy.Bff.Infrastructure.Services.RabbitMqPublisher.CreateConnection() in C:\proj\BiddingBuddy\BiddingBuddyBFF\src\BiddingBuddy.Bff.Infrastructure\Services\RabbitMqPublisher.cs:line 55
   at System.Lazy`1.ViaFactory(LazyThreadSafetyMode mode)
   at System.Lazy`1.ExecutionAndPublication(LazyHelper executionAndPublication, Boolean useDefaultConstructor)
   at System.Lazy`1.CreateValue()
   at BiddingBuddy.Bff.Infrastructure.Services.RabbitMqPublisher.PublishAsync[T](String queueName, T message, Nullable`1 correlationId, CancellationToken ct) in C:\proj\BiddingBuddy\BiddingBuddyBFF\src\BiddingBuddy.Bff.Infrastructure\Services\RabbitMqPublisher.cs:line 65
[2026-06-28 08:45:02.248] [WRN] [BiddingBuddyBFF] [cid:] RabbitMQ publish failed for delivery "ff8852fd-cd39-4183-8205-fc0ae500606e" (queue notification.email); the processor's poller will pick it up after PendingGraceSeconds.
[2026-06-28 08:45:02.274] [ERR] [BiddingBuddyBFF] [cid:] RabbitMQ broker unreachable; could not publish to notification.inapp
RabbitMQ.Client.Exceptions.BrokerUnreachableException: None of the specified endpoints were reachable
 ---> System.AggregateException: One or more errors occurred. (Connection failed)
 ---> RabbitMQ.Client.Exceptions.ConnectFailureException: Connection failed
 ---> System.Net.Sockets.SocketException (10060): A connection attempt failed because the connected party did not properly respond after a period of time, or established connection failed because connected host has failed to respond.
   at System.Net.Sockets.Socket.AwaitableSocketAsyncEventArgs.ThrowException(SocketError error, CancellationToken cancellationToken)
   at System.Net.Sockets.Socket.AwaitableSocketAsyncEventArgs.System.Threading.Tasks.Sources.IValueTaskSource.GetResult(Int16 token)
   at System.Threading.Tasks.ValueTask.ValueTaskSourceAsTask.<>c.<.cctor>b__4_0(Object state)
--- End of stack trace from previous location ---
   at RabbitMQ.Client.TcpClientAdapter.ConnectAsync(String host, Int32 port)
   at RabbitMQ.Client.Impl.TaskExtensions.TimeoutAfter(Task task, TimeSpan timeout)
   at RabbitMQ.Client.Impl.SocketFrameHandler.ConnectOrFail(ITcpClient socket, AmqpTcpEndpoint endpoint, TimeSpan timeout)
   --- End of inner exception stack trace ---
   at RabbitMQ.Client.Impl.SocketFrameHandler.ConnectOrFail(ITcpClient socket, AmqpTcpEndpoint endpoint, TimeSpan timeout)
   at RabbitMQ.Client.Impl.SocketFrameHandler.ConnectUsingAddressFamily(AmqpTcpEndpoint endpoint, Func`2 socketFactory, TimeSpan timeout, AddressFamily family)
   at RabbitMQ.Client.Impl.SocketFrameHandler.ConnectUsingIPv4(AmqpTcpEndpoint endpoint, Func`2 socketFactory, TimeSpan timeout)
   at RabbitMQ.Client.Impl.SocketFrameHandler..ctor(AmqpTcpEndpoint endpoint, Func`2 socketFactory, TimeSpan connectionTimeout, TimeSpan readTimeout, TimeSpan writeTimeout)
   at RabbitMQ.Client.Framing.Impl.IProtocolExtensions.CreateFrameHandler(IProtocol protocol, AmqpTcpEndpoint endpoint, ArrayPool`1 pool, Func`2 socketFactory, TimeSpan connectionTimeout, TimeSpan readTimeout, TimeSpan writeTimeout)
   at RabbitMQ.Client.ConnectionFactory.CreateFrameHandler(AmqpTcpEndpoint endpoint)
   at RabbitMQ.Client.EndpointResolverExtensions.SelectOne[T](IEndpointResolver resolver, Func`2 selector)
   --- End of inner exception stack trace ---
   at RabbitMQ.Client.EndpointResolverExtensions.SelectOne[T](IEndpointResolver resolver, Func`2 selector)
   at RabbitMQ.Client.Framing.Impl.AutorecoveringConnection.Init(IEndpointResolver endpoints)
   at RabbitMQ.Client.ConnectionFactory.CreateConnection(IEndpointResolver endpointResolver, String clientProvidedName)
   --- End of inner exception stack trace ---
   at RabbitMQ.Client.ConnectionFactory.CreateConnection(IEndpointResolver endpointResolver, String clientProvidedName)
   at RabbitMQ.Client.ConnectionFactory.CreateConnection(String clientProvidedName)
   at RabbitMQ.Client.ConnectionFactory.CreateConnection()
   at BiddingBuddy.Bff.Infrastructure.Services.RabbitMqPublisher.CreateConnection() in C:\proj\BiddingBuddy\BiddingBuddyBFF\src\BiddingBuddy.Bff.Infrastructure\Services\RabbitMqPublisher.cs:line 55
   at System.Lazy`1.ViaFactory(LazyThreadSafetyMode mode)
--- End of stack trace from previous location ---
   at System.Lazy`1.CreateValue()
   at BiddingBuddy.Bff.Infrastructure.Services.RabbitMqPublisher.PublishAsync[T](String queueName, T message, Nullable`1 correlationId, CancellationToken ct) in C:\proj\BiddingBuddy\BiddingBuddyBFF\src\BiddingBuddy.Bff.Infrastructure\Services\RabbitMqPublisher.cs:line 65
[2026-06-28 08:45:02.283] [WRN] [BiddingBuddyBFF] [cid:] RabbitMQ publish failed for delivery "8f655483-ad65-434d-9d60-e73cf226dd12" (queue notification.inapp); the processor's poller will pick it up after PendingGraceSeconds.
[2026-06-28 08:45:02.501] [INF] [BiddingBuddyBFF] [cid:ca61de92-da76-482f-9ad0-2ac0188aa85d] Notification "168b02e3-2c84-4c99-9645-b0067391ed2b" (Information/TENDER_MATCH) created with 2 deliveries; correlationId="ca61de92-da76-482f-9ad0-2ac0188aa85d"
[2026-06-28 08:45:02.535] [ERR] [BiddingBuddyBFF] [cid:] RabbitMQ broker unreachable; could not publish to notification.email
RabbitMQ.Client.Exceptions.BrokerUnreachableException: None of the specified endpoints were reachable
 ---> System.AggregateException: One or more errors occurred. (Connection failed)
 ---> RabbitMQ.Client.Exceptions.ConnectFailureException: Connection failed
 ---> System.Net.Sockets.SocketException (10060): A connection attempt failed because the connected party did not properly respond after a period of time, or established connection failed because connected host has failed to respond.
   at System.Net.Sockets.Socket.AwaitableSocketAsyncEventArgs.ThrowException(SocketError error, CancellationToken cancellationToken)
   at System.Net.Sockets.Socket.AwaitableSocketAsyncEventArgs.System.Threading.Tasks.Sources.IValueTaskSource.GetResult(Int16 token)
   at System.Threading.Tasks.ValueTask.ValueTaskSourceAsTask.<>c.<.cctor>b__4_0(Object state)
--- End of stack trace from previous location ---
   at RabbitMQ.Client.TcpClientAdapter.ConnectAsync(String host, Int32 port)
   at RabbitMQ.Client.Impl.TaskExtensions.TimeoutAfter(Task task, TimeSpan timeout)
   at RabbitMQ.Client.Impl.SocketFrameHandler.ConnectOrFail(ITcpClient socket, AmqpTcpEndpoint endpoint, TimeSpan timeout)
   --- End of inner exception stack trace ---
   at RabbitMQ.Client.Impl.SocketFrameHandler.ConnectOrFail(ITcpClient socket, AmqpTcpEndpoint endpoint, TimeSpan timeout)
   at RabbitMQ.Client.Impl.SocketFrameHandler.ConnectUsingAddressFamily(AmqpTcpEndpoint endpoint, Func`2 socketFactory, TimeSpan timeout, AddressFamily family)
   at RabbitMQ.Client.Impl.SocketFrameHandler.ConnectUsingIPv4(AmqpTcpEndpoint endpoint, Func`2 socketFactory, TimeSpan timeout)
   at RabbitMQ.Client.Impl.SocketFrameHandler..ctor(AmqpTcpEndpoint endpoint, Func`2 socketFactory, TimeSpan connectionTimeout, TimeSpan readTimeout, TimeSpan writeTimeout)
   at RabbitMQ.Client.Framing.Impl.IProtocolExtensions.CreateFrameHandler(IProtocol protocol, AmqpTcpEndpoint endpoint, ArrayPool`1 pool, Func`2 socketFactory, TimeSpan connectionTimeout, TimeSpan readTimeout, TimeSpan writeTimeout)
   at RabbitMQ.Client.ConnectionFactory.CreateFrameHandler(AmqpTcpEndpoint endpoint)
   at RabbitMQ.Client.EndpointResolverExtensions.SelectOne[T](IEndpointResolver resolver, Func`2 selector)
   --- End of inner exception stack trace ---
   at RabbitMQ.Client.EndpointResolverExtensions.SelectOne[T](IEndpointResolver resolver, Func`2 selector)
   at RabbitMQ.Client.Framing.Impl.AutorecoveringConnection.Init(IEndpointResolver endpoints)
   at RabbitMQ.Client.ConnectionFactory.CreateConnection(IEndpointResolver endpointResolver, String clientProvidedName)
   --- End of inner exception stack trace ---
   at RabbitMQ.Client.ConnectionFactory.CreateConnection(IEndpointResolver endpointResolver, String clientProvidedName)
   at RabbitMQ.Client.ConnectionFactory.CreateConnection(String clientProvidedName)
   at RabbitMQ.Client.ConnectionFactory.CreateConnection()
   at BiddingBuddy.Bff.Infrastructure.Services.RabbitMqPublisher.CreateConnection() in C:\proj\BiddingBuddy\BiddingBuddyBFF\src\BiddingBuddy.Bff.Infrastructure\Services\RabbitMqPublisher.cs:line 55
   at System.Lazy`1.ViaFactory(LazyThreadSafetyMode mode)
--- End of stack trace from previous location ---
   at System.Lazy`1.CreateValue()
   at BiddingBuddy.Bff.Infrastructure.Services.RabbitMqPublisher.PublishAsync[T](String queueName, T message, Nullable`1 correlationId, CancellationToken ct) in C:\proj\BiddingBuddy\BiddingBuddyBFF\src\BiddingBuddy.Bff.Infrastructure\Services\RabbitMqPublisher.cs:line 65
[2026-06-28 08:45:02.542] [WRN] [BiddingBuddyBFF] [cid:] RabbitMQ publish failed for delivery "1106e03e-17da-4704-9e71-3db0d65623a1" (queue notification.email); the processor's poller will pick it up after PendingGraceSeconds.
[2026-06-28 08:45:02.565] [ERR] [BiddingBuddyBFF] [cid:] RabbitMQ broker unreachable; could not publish to notification.inapp
RabbitMQ.Client.Exceptions.BrokerUnreachableException: None of the specified endpoints were reachable
 ---> System.AggregateException: One or more errors occurred. (Connection failed)
 ---> RabbitMQ.Client.Exceptions.ConnectFailureException: Connection failed
 ---> System.Net.Sockets.SocketException (10060): A connection attempt failed because the connected party did not properly respond after a period of time, or established connection failed because connected host has failed to respond.
   at System.Net.Sockets.Socket.AwaitableSocketAsyncEventArgs.ThrowException(SocketError error, CancellationToken cancellationToken)
   at System.Net.Sockets.Socket.AwaitableSocketAsyncEventArgs.System.Threading.Tasks.Sources.IValueTaskSource.GetResult(Int16 token)
   at System.Threading.Tasks.ValueTask.ValueTaskSourceAsTask.<>c.<.cctor>b__4_0(Object state)
--- End of stack trace from previous location ---
   at RabbitMQ.Client.TcpClientAdapter.ConnectAsync(String host, Int32 port)
   at RabbitMQ.Client.Impl.TaskExtensions.TimeoutAfter(Task task, TimeSpan timeout)
   at RabbitMQ.Client.Impl.SocketFrameHandler.ConnectOrFail(ITcpClient socket, AmqpTcpEndpoint endpoint, TimeSpan timeout)
   --- End of inner exception stack trace ---
   at RabbitMQ.Client.Impl.SocketFrameHandler.ConnectOrFail(ITcpClient socket, AmqpTcpEndpoint endpoint, TimeSpan timeout)
   at RabbitMQ.Client.Impl.SocketFrameHandler.ConnectUsingAddressFamily(AmqpTcpEndpoint endpoint, Func`2 socketFactory, TimeSpan timeout, AddressFamily family)
   at RabbitMQ.Client.Impl.SocketFrameHandler.ConnectUsingIPv4(AmqpTcpEndpoint endpoint, Func`2 socketFactory, TimeSpan timeout)
   at RabbitMQ.Client.Impl.SocketFrameHandler..ctor(AmqpTcpEndpoint endpoint, Func`2 socketFactory, TimeSpan connectionTimeout, TimeSpan readTimeout, TimeSpan writeTimeout)
   at RabbitMQ.Client.Framing.Impl.IProtocolExtensions.CreateFrameHandler(IProtocol protocol, AmqpTcpEndpoint endpoint, ArrayPool`1 pool, Func`2 socketFactory, TimeSpan connectionTimeout, TimeSpan readTimeout, TimeSpan writeTimeout)
   at RabbitMQ.Client.ConnectionFactory.CreateFrameHandler(AmqpTcpEndpoint endpoint)
   at RabbitMQ.Client.EndpointResolverExtensions.SelectOne[T](IEndpointResolver resolver, Func`2 selector)
   --- End of inner exception stack trace ---
   at RabbitMQ.Client.EndpointResolverExtensions.SelectOne[T](IEndpointResolver resolver, Func`2 selector)
   at RabbitMQ.Client.Framing.Impl.AutorecoveringConnection.Init(IEndpointResolver endpoints)
   at RabbitMQ.Client.ConnectionFactory.CreateConnection(IEndpointResolver endpointResolver, String clientProvidedName)
   --- End of inner exception stack trace ---
   at RabbitMQ.Client.ConnectionFactory.CreateConnection(IEndpointResolver endpointResolver, String clientProvidedName)
   at RabbitMQ.Client.ConnectionFactory.CreateConnection(String clientProvidedName)
   at RabbitMQ.Client.ConnectionFactory.CreateConnection()
   at BiddingBuddy.Bff.Infrastructure.Services.RabbitMqPublisher.CreateConnection() in C:\proj\BiddingBuddy\BiddingBuddyBFF\src\BiddingBuddy.Bff.Infrastructure\Services\RabbitMqPublisher.cs:line 55
   at System.Lazy`1.ViaFactory(LazyThreadSafetyMode mode)
--- End of stack trace from previous location ---
   at System.Lazy`1.CreateValue()
   at BiddingBuddy.Bff.Infrastructure.Services.RabbitMqPublisher.PublishAsync[T](String queueName, T message, Nullable`1 correlationId, CancellationToken ct) in C:\proj\BiddingBuddy\BiddingBuddyBFF\src\BiddingBuddy.Bff.Infrastructure\Services\RabbitMqPublisher.cs:line 65
[2026-06-28 08:45:02.574] [WRN] [BiddingBuddyBFF] [cid:] RabbitMQ publish failed for delivery "192817a1-f77d-47a8-be91-665923ae0c65" (queue notification.inapp); the processor's poller will pick it up after PendingGraceSeconds.
[2026-06-28 08:45:02.784] [INF] [BiddingBuddyBFF] [cid:de2317ba-88c0-4b2b-84ef-ad4ba556c1de] Notification "20522cf3-3d18-4bfc-9e07-539a826a8d09" (Information/TENDER_MATCH) created with 2 deliveries; correlationId="de2317ba-88c0-4b2b-84ef-ad4ba556c1de"
[2026-06-28 08:45:02.816] [ERR] [BiddingBuddyBFF] [cid:] RabbitMQ broker unreachable; could not publish to notification.email
RabbitMQ.Client.Exceptions.BrokerUnreachableException: None of the specified endpoints were reachable
 ---> System.AggregateException: One or more errors occurred. (Connection failed)
 ---> RabbitMQ.Client.Exceptions.ConnectFailureException: Connection failed
 ---> System.Net.Sockets.SocketException (10060): A connection attempt failed because the connected party did not properly respond after a period of time, or established connection failed because connected host has failed to respond.
   at System.Net.Sockets.Socket.AwaitableSocketAsyncEventArgs.ThrowException(SocketError error, CancellationToken cancellationToken)
   at System.Net.Sockets.Socket.AwaitableSocketAsyncEventArgs.System.Threading.Tasks.Sources.IValueTaskSource.GetResult(Int16 token)
   at System.Threading.Tasks.ValueTask.ValueTaskSourceAsTask.<>c.<.cctor>b__4_0(Object state)
--- End of stack trace from previous location ---
   at RabbitMQ.Client.TcpClientAdapter.ConnectAsync(String host, Int32 port)
   at RabbitMQ.Client.Impl.TaskExtensions.TimeoutAfter(Task task, TimeSpan timeout)
   at RabbitMQ.Client.Impl.SocketFrameHandler.ConnectOrFail(ITcpClient socket, AmqpTcpEndpoint endpoint, TimeSpan timeout)
   --- End of inner exception stack trace ---
   at RabbitMQ.Client.Impl.SocketFrameHandler.ConnectOrFail(ITcpClient socket, AmqpTcpEndpoint endpoint, TimeSpan timeout)
   at RabbitMQ.Client.Impl.SocketFrameHandler.ConnectUsingAddressFamily(AmqpTcpEndpoint endpoint, Func`2 socketFactory, TimeSpan timeout, AddressFamily family)
   at RabbitMQ.Client.Impl.SocketFrameHandler.ConnectUsingIPv4(AmqpTcpEndpoint endpoint, Func`2 socketFactory, TimeSpan timeout)
   at RabbitMQ.Client.Impl.SocketFrameHandler..ctor(AmqpTcpEndpoint endpoint, Func`2 socketFactory, TimeSpan connectionTimeout, TimeSpan readTimeout, TimeSpan writeTimeout)
   at RabbitMQ.Client.Framing.Impl.IProtocolExtensions.CreateFrameHandler(IProtocol protocol, AmqpTcpEndpoint endpoint, ArrayPool`1 pool, Func`2 socketFactory, TimeSpan connectionTimeout, TimeSpan readTimeout, TimeSpan writeTimeout)
   at RabbitMQ.Client.ConnectionFactory.CreateFrameHandler(AmqpTcpEndpoint endpoint)
   at RabbitMQ.Client.EndpointResolverExtensions.SelectOne[T](IEndpointResolver resolver, Func`2 selector)
   --- End of inner exception stack trace ---
   at RabbitMQ.Client.EndpointResolverExtensions.SelectOne[T](IEndpointResolver resolver, Func`2 selector)
   at RabbitMQ.Client.Framing.Impl.AutorecoveringConnection.Init(IEndpointResolver endpoints)
   at RabbitMQ.Client.ConnectionFactory.CreateConnection(IEndpointResolver endpointResolver, String clientProvidedName)
   --- End of inner exception stack trace ---
   at RabbitMQ.Client.ConnectionFactory.CreateConnection(IEndpointResolver endpointResolver, String clientProvidedName)
   at RabbitMQ.Client.ConnectionFactory.CreateConnection(String clientProvidedName)
   at RabbitMQ.Client.ConnectionFactory.CreateConnection()
   at BiddingBuddy.Bff.Infrastructure.Services.RabbitMqPublisher.CreateConnection() in C:\proj\BiddingBuddy\BiddingBuddyBFF\src\BiddingBuddy.Bff.Infrastructure\Services\RabbitMqPublisher.cs:line 55
   at System.Lazy`1.ViaFactory(LazyThreadSafetyMode mode)
--- End of stack trace from previous location ---
   at System.Lazy`1.CreateValue()
   at BiddingBuddy.Bff.Infrastructure.Services.RabbitMqPublisher.PublishAsync[T](String queueName, T message, Nullable`1 correlationId, CancellationToken ct) in C:\proj\BiddingBuddy\BiddingBuddyBFF\src\BiddingBuddy.Bff.Infrastructure\Services\RabbitMqPublisher.cs:line 65
[2026-06-28 08:45:02.824] [WRN] [BiddingBuddyBFF] [cid:] RabbitMQ publish failed for delivery "96a7c979-b635-411b-ada7-b9806adf2fec" (queue notification.email); the processor's poller will pick it up after PendingGraceSeconds.
[2026-06-28 08:45:02.846] [ERR] [BiddingBuddyBFF] [cid:] RabbitMQ broker unreachable; could not publish to notification.inapp
RabbitMQ.Client.Exceptions.BrokerUnreachableException: None of the specified endpoints were reachable
 ---> System.AggregateException: One or more errors occurred. (Connection failed)
 ---> RabbitMQ.Client.Exceptions.ConnectFailureException: Connection failed
 ---> System.Net.Sockets.SocketException (10060): A connection attempt failed because the connected party did not properly respond after a period of time, or established connection failed because connected host has failed to respond.
   at System.Net.Sockets.Socket.AwaitableSocketAsyncEventArgs.ThrowException(SocketError error, CancellationToken cancellationToken)
   at System.Net.Sockets.Socket.AwaitableSocketAsyncEventArgs.System.Threading.Tasks.Sources.IValueTaskSource.GetResult(Int16 token)
   at System.Threading.Tasks.ValueTask.ValueTaskSourceAsTask.<>c.<.cctor>b__4_0(Object state)
--- End of stack trace from previous location ---
   at RabbitMQ.Client.TcpClientAdapter.ConnectAsync(String host, Int32 port)
   at RabbitMQ.Client.Impl.TaskExtensions.TimeoutAfter(Task task, TimeSpan timeout)
   at RabbitMQ.Client.Impl.SocketFrameHandler.ConnectOrFail(ITcpClient socket, AmqpTcpEndpoint endpoint, TimeSpan timeout)
   --- End of inner exception stack trace ---
   at RabbitMQ.Client.Impl.SocketFrameHandler.ConnectOrFail(ITcpClient socket, AmqpTcpEndpoint endpoint, TimeSpan timeout)
   at RabbitMQ.Client.Impl.SocketFrameHandler.ConnectUsingAddressFamily(AmqpTcpEndpoint endpoint, Func`2 socketFactory, TimeSpan timeout, AddressFamily family)
   at RabbitMQ.Client.Impl.SocketFrameHandler.ConnectUsingIPv4(AmqpTcpEndpoint endpoint, Func`2 socketFactory, TimeSpan timeout)
   at RabbitMQ.Client.Impl.SocketFrameHandler..ctor(AmqpTcpEndpoint endpoint, Func`2 socketFactory, TimeSpan connectionTimeout, TimeSpan readTimeout, TimeSpan writeTimeout)
   at RabbitMQ.Client.Framing.Impl.IProtocolExtensions.CreateFrameHandler(IProtocol protocol, AmqpTcpEndpoint endpoint, ArrayPool`1 pool, Func`2 socketFactory, TimeSpan connectionTimeout, TimeSpan readTimeout, TimeSpan writeTimeout)
   at RabbitMQ.Client.ConnectionFactory.CreateFrameHandler(AmqpTcpEndpoint endpoint)
   at RabbitMQ.Client.EndpointResolverExtensions.SelectOne[T](IEndpointResolver resolver, Func`2 selector)
   --- End of inner exception stack trace ---
   at RabbitMQ.Client.EndpointResolverExtensions.SelectOne[T](IEndpointResolver resolver, Func`2 selector)
   at RabbitMQ.Client.Framing.Impl.AutorecoveringConnection.Init(IEndpointResolver endpoints)
   at RabbitMQ.Client.ConnectionFactory.CreateConnection(IEndpointResolver endpointResolver, String clientProvidedName)
   --- End of inner exception stack trace ---
   at RabbitMQ.Client.ConnectionFactory.CreateConnection(IEndpointResolver endpointResolver, String clientProvidedName)
   at RabbitMQ.Client.ConnectionFactory.CreateConnection(String clientProvidedName)
   at RabbitMQ.Client.ConnectionFactory.CreateConnection()
   at BiddingBuddy.Bff.Infrastructure.Services.RabbitMqPublisher.CreateConnection() in C:\proj\BiddingBuddy\BiddingBuddyBFF\src\BiddingBuddy.Bff.Infrastructure\Services\RabbitMqPublisher.cs:line 55
   at System.Lazy`1.ViaFactory(LazyThreadSafetyMode mode)
--- End of stack trace from previous location ---
   at System.Lazy`1.CreateValue()
   at BiddingBuddy.Bff.Infrastructure.Services.RabbitMqPublisher.PublishAsync[T](String queueName, T message, Nullable`1 correlationId, CancellationToken ct) in C:\proj\BiddingBuddy\BiddingBuddyBFF\src\BiddingBuddy.Bff.Infrastructure\Services\RabbitMqPublisher.cs:line 65
[2026-06-28 08:45:02.854] [WRN] [BiddingBuddyBFF] [cid:] RabbitMQ publish failed for delivery "fb87a483-57b2-43df-a219-5983107c7710" (queue notification.inapp); the processor's poller will pick it up after PendingGraceSeconds.
[2026-06-28 08:45:02.856] [INF] [BiddingBuddyBFF] [cid:] [Match] Scan complete — 29 scanned, 1 new match(es), 1 org-digest(s) sent.
[2026-06-28 08:45:02.858] [INF] [BiddingBuddyBFF] [cid:] [MatchScan] 29 scanned, 1 matched, 1 org-digests sent.
[2026-06-28 08:59:34.781] [INF] [BiddingBuddyBFF] [cid:] [Match] Scan complete — 17 scanned, 0 new match(es), 0 org-digest(s) sent.
[2026-06-28 08:59:34.799] [INF] [BiddingBuddyBFF] [cid:] [MatchScan] 17 scanned, 0 matched, 0 org-digests sent.
[2026-06-28 09:14:35.125] [INF] [BiddingBuddyBFF] [cid:] [Match] Scan complete — 32 scanned, 0 new match(es), 0 org-digest(s) sent.
[2026-06-28 09:14:35.152] [INF] [BiddingBuddyBFF] [cid:] [MatchScan] 32 scanned, 0 matched, 0 org-digests sent.
[2026-06-28 09:29:35.107] [INF] [BiddingBuddyBFF] [cid:] [Match] Scan complete — 28 scanned, 0 new match(es), 0 org-digest(s) sent.
[2026-06-28 09:29:35.126] [INF] [BiddingBuddyBFF] [cid:] [MatchScan] 28 scanned, 0 matched, 0 org-digests sent.
[2026-06-28 09:44:34.879] [INF] [BiddingBuddyBFF] [cid:] [Match] Scan complete — 13 scanned, 0 new match(es), 0 org-digest(s) sent.
[2026-06-28 09:44:34.901] [INF] [BiddingBuddyBFF] [cid:] [MatchScan] 13 scanned, 0 matched, 0 org-digests sent.
